SF:lib/domain/entities/news_entity.dart
DA:8,5
DA:16,2
DA:18,2
DA:19,6
DA:20,6
DA:21,6
DA:22,6
DA:23,6
DA:24,6
DA:27,1
DA:29,1
DA:30,1
DA:31,1
DA:32,1
DA:33,1
DA:34,1
DA:35,1
LF:17
LH:17
end_of_record
SF:lib/domain/usecases/get_news_usecase.dart
DA:8,4
DA:10,4
DA:11,8
DA:13,12
DA:14,4
DA:15,4
DA:16,4
DA:17,4
DA:18,4
DA:20,4
LF:10
LH:10
end_of_record
SF:lib/infrastructure/service/news_api_service.dart
DA:11,0
DA:12,0
DA:14,0
DA:16,0
DA:17,0
DA:18,0
DA:19,0
DA:22,0
LF:8
LH:0
end_of_record
SF:lib/infrastructure/extensions/http_overrides_extension.dart
DA:4,0
DA:6,0
DA:7,0
DA:8,0
LF:4
LH:0
end_of_record
SF:lib/infrastructure/models/news_model.dart
DA:9,5
DA:17,1
DA:18,1
DA:19,1
DA:20,1
DA:21,1
DA:22,1
DA:23,2
DA:27,1
DA:28,1
DA:29,1
DA:30,1
DA:31,1
DA:32,1
DA:36,1
DA:38,1
DA:39,3
DA:40,3
DA:41,3
DA:42,3
DA:43,3
DA:44,3
DA:47,1
DA:49,1
DA:50,1
DA:51,1
DA:52,1
DA:53,1
DA:54,1
DA:55,1
LF:30
LH:30
end_of_record
SF:lib/ui/screens/news_detail_screen.dart
DA:5,2
DA:9,2
DA:11,2
DA:12,2
DA:13,6
DA:15,2
DA:17,2
DA:19,2
DA:20,6
DA:21,0
DA:24,2
DA:25,4
DA:30,6
LF:13
LH:12
end_of_record
SF:lib/ui/screens/news_list_screen.dart
DA:11,3
DA:13,3
DA:14,3
DA:22,3
DA:24,3
DA:25,3
DA:27,3
DA:28,3
DA:30,2
DA:31,2
DA:32,4
DA:37,3
DA:38,6
DA:39,3
DA:40,6
DA:42,3
DA:44,9
DA:47,6
DA:48,6
DA:49,3
DA:50,6
DA:51,3
DA:52,6
DA:53,3
DA:54,3
DA:55,3
DA:56,3
DA:57,2
DA:67,1
DA:68,1
DA:70,3
LF:31
LH:31
end_of_record
SF:lib/ui/screens/news_search_screen.dart
DA:9,2
DA:11,2
DA:13,2
DA:14,2
DA:16,0
DA:17,0
DA:23,2
DA:25,2
DA:27,1
DA:28,1
DA:33,1
DA:35,1
DA:36,2
DA:37,5
DA:38,5
DA:39,1
DA:41,1
DA:42,1
DA:43,1
DA:44,1
DA:45,1
DA:46,2
DA:47,2
DA:48,2
DA:49,0
DA:51,1
DA:52,1
DA:53,1
DA:55,1
DA:56,2
DA:65,2
DA:67,2
DA:68,4
DA:69,10
DA:70,5
DA:71,2
DA:73,2
DA:74,2
DA:75,2
DA:76,2
DA:77,2
DA:78,4
DA:79,4
DA:80,4
DA:81,0
DA:83,1
DA:84,2
DA:85,1
LF:48
LH:44
end_of_record
SF:lib/ui/widgets/news_card_widget.dart
DA:9,4
DA:17,4
DA:19,4
DA:20,4
DA:21,4
DA:22,4
DA:23,4
DA:26,4
DA:27,4
DA:29,8
DA:30,0
DA:32,0
DA:35,0
DA:36,0
DA:43,4
DA:45,4
DA:47,4
DA:49,4
DA:50,4
DA:56,4
DA:57,4
LF:21
LH:17
end_of_record
SF:lib/ui/screens/splash_screen.dart
DA:5,1
DA:7,1
DA:9,1
DA:14,1
DA:16,1
DA:17,1
DA:20,1
DA:21,1
DA:23,1
DA:24,1
DA:25,1
DA:26,2
DA:31,1
LF:13
LH:13
end_of_record
